14:18:39 **** Incremental Build of configuration Debug for project testing ****
make -j12 all 
arm-none-eabi-gcc -o "testing.elf" @"objects.list"   -mcpu=cortex-m4 -T"C:\Users\mmorteo\OneDrive - ebaratech.com\Documents\GitHub\seniorproject\stm_workplace\testing\STM32F303K8TX_FLASH.ld" --specs=nosys.specs -Wl,-Map="testing.map" -Wl,--gc-sections -static --specs=nano.specs -mfpu=fpv4-sp-d16 -mfloat-abi=hard -mthumb -u _printf_float -Wl,--start-group -lc -lm -Wl,--end-group
C:/ST/STM32CubeIDE_1.14.1/STM32CubeIDE/plugins/com.st.stm32cube.ide.mcu.externaltools.gnu-tools-for-stm32.11.3.rel1.win32_1.1.100.202309141235/tools/bin/../lib/gcc/arm-none-eabi/11.3.1/../../../../arm-none-eabi/bin/ld.exe: ./Core/Src/state_machine.o:C:/Users/mmorteo/OneDrive - ebaratech.com/Documents/GitHub/seniorproject/stm_workplace/testing/Debug/../Core/Src/state_machine.c:33: multiple definition of `eNextState'; ./Core/Src/main.o:C:/Users/mmorteo/OneDrive - ebaratech.com/Documents/GitHub/seniorproject/stm_workplace/testing/Debug/../Core/Src/main.c:53: first defined here
collect2.exe: error: ld returned 1 exit status
make: *** [makefile:64: testing.elf] Error 1
"make -j12 all" terminated with exit code 2. Build might be incomplete.

14:18:39 Build Failed. 2 errors, 0 warnings. (took 420ms)

